<?xml version="1.0" encoding="UTF-8"?>
<testng-results skipped="0" failed="0" ignored="0" total="1" passed="1">
  <reporter-output>
  </reporter-output>
  <suite name="Default suite" duration-ms="80637" started-at="2019-01-09T19:17:46Z" finished-at="2019-01-09T19:19:07Z">
    <groups>
    </groups>
    <test name="Default test" duration-ms="80637" started-at="2019-01-09T19:17:46Z" finished-at="2019-01-09T19:19:07Z">
      <class name="android_Automation.randomQA">
        <test-method status="PASS" signature="verifyRandomQA()[pri:0, instance:android_Automation.randomQA@cb51256]" name="verifyRandomQA" is-config="true" duration-ms="42596" started-at="2019-01-09T19:17:46Z" finished-at="2019-01-09T19:18:29Z">
          <reporter-output>
          </reporter-output>
        </test-method> <!-- verifyRandomQA -->
        <test-method status="PASS" signature="verifyRandomQA()[pri:0, instance:android_Automation.randomQA@cb51256]" name="verifyRandomQA" duration-ms="35516" started-at="2019-01-09T19:18:29Z" finished-at="2019-01-09T19:19:04Z">
          <reporter-output>
          </reporter-output>
        </test-method> <!-- verifyRandomQA -->
        <test-method status="PASS" signature="CloseDriver()[pri:0, instance:android_Automation.randomQA@cb51256]" name="CloseDriver" is-config="true" duration-ms="2501" started-at="2019-01-09T19:19:04Z" finished-at="2019-01-09T19:19:07Z">
          <reporter-output>
          </reporter-output>
        </test-method> <!-- CloseDriver -->
      </class> <!-- android_Automation.randomQA -->
    </test> <!-- Default test -->
  </suite> <!-- Default suite -->
</testng-results>
